[0m15:43:42.402810 [debug] [MainThread]: Sending event: {'category': 'dbt', 'action': 'invocation', 'label': 'start', 'context': [<snowplow_tracker.self_describing_json.SelfDescribingJson object at 0x000001D0D35AE0F0>, <snowplow_tracker.self_describing_json.SelfDescribingJson object at 0x000001D0D2DB26C0>, <snowplow_tracker.self_describing_json.SelfDescribingJson object at 0x000001D0D0898770>]}


============================== 15:43:42.406832 | fa4113b8-816f-4682-ba06-8af644264856 ==============================
[0m15:43:42.406832 [info ] [MainThread]: Running with dbt=1.10.11
[0m15:43:42.410401 [debug] [MainThread]: running dbt with arguments {'partial_parse': 'True', 'static_parser': 'True', 'send_anonymous_usage_stats': 'True', 'warn_error': 'None', 'cache_selected_only': 'False', 'target_path': 'None', 'version_check': 'True', 'invocation_command': 'dbt init', 'log_format': 'default', 'use_colors': 'True', 'introspect': 'True', 'debug': 'False', 'printer_width': '80', 'fail_fast': 'False', 'no_print': 'None', 'use_experimental_parser': 'False', 'quiet': 'False', 'empty': 'None', 'log_cache_events': 'False', 'indirect_selection': 'eager', 'log_path': 'logs', 'write_json': 'True', 'warn_error_options': 'WarnErrorOptionsV2(error=[], warn=[], silence=[])', 'profiles_dir': 'C:\\Users\\DECIDEOM\\.dbt'}
[0m15:43:52.756674 [debug] [MainThread]: Starter project path: C:\Users\DECIDEOM\Documents\Formation\DBT\DBT_UDEMY\venv\Lib\site-packages\dbt\include\starter_project
[0m15:43:52.800055 [info ] [MainThread]: 
Your new dbt project "first_project" was created!

For more information on how to configure the profiles.yml file,
please consult the dbt documentation here:

  https://docs.getdbt.com/docs/configure-your-profile

One more thing:

Need help? Don't hesitate to reach out to us via GitHub issues or on Slack:

  https://community.getdbt.com/

Happy modeling!

[0m15:43:52.802067 [info ] [MainThread]: Setting up your profile.
[0m15:47:27.300432 [info ] [MainThread]: Profile first_project written to C:\Users\DECIDEOM\.dbt\profiles.yml using target's profile_template.yml and your supplied values. Run 'dbt debug' to validate the connection.
[0m15:47:27.303671 [debug] [MainThread]: Command `dbt init` succeeded at 15:47:27.303671 after 225.07 seconds
[0m15:47:27.304655 [debug] [MainThread]: Sending event: {'category': 'dbt', 'action': 'invocation', 'label': 'end', 'context': [<snowplow_tracker.self_describing_json.SelfDescribingJson object at 0x000001D0D564B800>, <snowplow_tracker.self_describing_json.SelfDescribingJson object at 0x000001D0D59835C0>, <snowplow_tracker.self_describing_json.SelfDescribingJson object at 0x000001D0D580C470>]}
[0m15:47:27.306666 [debug] [MainThread]: Flushing usage events
[0m15:47:28.700096 [debug] [MainThread]: An error was encountered while trying to flush usage events
